<?xml version="1.0" encoding="UTF-8"?>
<!-- Generated by org.testng.reporters.JUnitReportReporter -->
<testsuite hostname="DS-D4BED9BB31A5" name="com.selenium.learn.InheritGroups_Demo_1" tests="2" failures="1" timestamp="11 Oct 2013 06:45:26 GMT" time="0.003" errors="0">
  <testcase name="test_dp" time="0.003" classname="com.selenium.learn.InheritGroups_Demo_1"/>
  <testcase name="test_1" time="0.000" classname="com.selenium.learn.InheritGroups_Demo_1">
    <failure type="java.lang.IllegalArgumentException" message="key can&#039;t be empty">
      <![CDATA[java.lang.IllegalArgumentException: key can't be empty
	at java.lang.System.checkKey(System.java:776)
	at java.lang.System.getProperty(System.java:649)
	at org.testng.internal.Parameters.createParameters(Parameters.java:148)
	at org.testng.internal.Parameters.createParameters(Parameters.java:355)
	at org.testng.internal.Parameters.handleParameters(Parameters.java:447)
	at org.testng.internal.Invoker.handleParameters(Invoker.java:1365)
	at org.testng.internal.Invoker.createParameters(Invoker.java:1065)
	at org.testng.internal.Invoker.invokeTestMethods(Invoker.java:1167)
	at org.testng.internal.TestMethodWorker.invokeTestMethods(TestMethodWorker.java:127)
	at org.testng.internal.TestMethodWorker.run(TestMethodWorker.java:111)
	at org.testng.TestRunner.privateRun(TestRunner.java:758)
	at org.testng.TestRunner.run(TestRunner.java:613)
	at org.testng.SuiteRunner.runTest(SuiteRunner.java:334)
	at org.testng.SuiteRunner.runSequentially(SuiteRunner.java:329)
	at org.testng.SuiteRunner.privateRun(SuiteRunner.java:291)
	at org.testng.SuiteRunner.run(SuiteRunner.java:240)
	at org.testng.SuiteRunnerWorker.runSuite(SuiteRunnerWorker.java:53)
	at org.testng.SuiteRunnerWorker.run(SuiteRunnerWorker.java:87)
	at org.testng.TestNG.runSuitesSequentially(TestNG.java:1170)
	at org.testng.TestNG.runSuitesLocally(TestNG.java:1095)
	at org.testng.TestNG.run(TestNG.java:1007)
	at org.testng.remote.RemoteTestNG.run(RemoteTestNG.java:109)
	at org.testng.remote.RemoteTestNG.initAndRun(RemoteTestNG.java:202)
	at org.testng.remote.RemoteTestNG.main(RemoteTestNG.java:173)
]]>
    </failure>
  </testcase> <!-- test_1 -->
</testsuite> <!-- com.selenium.learn.InheritGroups_Demo_1 -->
