<?xml version="1.0" encoding="UTF-8"?>
<!-- Generated by org.testng.reporters.JUnitReportReporter -->
<testsuite hostname="Shankar" name="com.tests.TestNG_ISuite" tests="9" failures="1" timestamp="16 Apr 2014 03:24:01 GMT" time="0.022" errors="0">
  <testcase name="TestNG_ISuite_M2" time="0.000" classname="com.tests.TestNG_ISuite"/>
  <testcase name="base_test" time="0.000" classname="com.tests.TestNG_ISuite"/>
  <testcase name="TestNG_ISuite_M6" time="0.001" classname="com.tests.TestNG_ISuite"/>
  <testcase name="TestNG_ISuite_M1" time="0.003" classname="com.tests.TestNG_ISuite"/>
  <testcase name="TestNG_ISuite_M3" time="0.000" classname="com.tests.TestNG_ISuite"/>
  <testcase name="TestNG_ISuite_M4" time="0.001" classname="com.tests.TestNG_ISuite"/>
  <testcase name="TestNG_ISuite_M4" time="0.006" classname="com.tests.TestNG_ISuite">
    <failure type="org.testng.TestNGException" message="
The data provider is trying to pass 3 parameters but the method com.tests.TestNG_ISuite#TestNG_ISuite_M4 takes 2">
      <![CDATA[org.testng.TestNGException: 
The data provider is trying to pass 3 parameters but the method com.tests.TestNG_ISuite#TestNG_ISuite_M4 takes 2
	at org.testng.internal.Invoker.injectParameters(Invoker.java:1337)
	at org.testng.internal.Invoker.invokeTestMethods(Invoker.java:1225)
	at org.testng.internal.TestMethodWorker.invokeTestMethods(TestMethodWorker.java:127)
	at org.testng.internal.TestMethodWorker.run(TestMethodWorker.java:111)
	at org.testng.TestRunner.privateRun(TestRunner.java:767)
	at org.testng.TestRunner.run(TestRunner.java:617)
	at org.testng.SuiteRunner.runTest(SuiteRunner.java:334)
	at org.testng.SuiteRunner.runSequentially(SuiteRunner.java:329)
	at org.testng.SuiteRunner.privateRun(SuiteRunner.java:291)
	at org.testng.SuiteRunner.run(SuiteRunner.java:240)
	at org.testng.SuiteRunnerWorker.runSuite(SuiteRunnerWorker.java:52)
	at org.testng.SuiteRunnerWorker.run(SuiteRunnerWorker.java:86)
	at org.testng.TestNG.runSuitesSequentially(TestNG.java:1224)
	at org.testng.TestNG.runSuitesLocally(TestNG.java:1149)
	at org.testng.TestNG.run(TestNG.java:1057)
	at org.testng.remote.RemoteTestNG.run(RemoteTestNG.java:111)
	at org.testng.remote.RemoteTestNG.initAndRun(RemoteTestNG.java:204)
	at org.testng.remote.RemoteTestNG.main(RemoteTestNG.java:175)
]]>
    </failure>
  </testcase> <!-- TestNG_ISuite_M4 -->
  <testcase name="TestNG_ISuite_M4" time="0.001" classname="com.tests.TestNG_ISuite"/>
  <testcase name="act_base_Test" time="0.010" classname="com.tests.TestNG_ISuite"/>
</testsuite> <!-- com.tests.TestNG_ISuite -->
